0:[0.5165, 0.517, 0.5173, 0.5144, 0.2769]
1:[0.6484, 0.6483, 0.6484, 0.6406, 0.4236]
2:[0.7083, 0.7083, 0.7075, 0.6997, 0.559]
3:[0.7436, 0.7435, 0.7426, 0.7345, 0.4974]
4:[0.7543, 0.7545, 0.7546, 0.7514, 0.5106]
5:[0.7706, 0.7706, 0.7682, 0.7532, 0.5044]
6:[0.7537, 0.7538, 0.7498, 0.7036, 0.1]
7:[0.7969, 0.7969, 0.7962, 0.7891, 0.2684]
8:[0.7783, 0.7783, 0.7787, 0.7612, 0.1]
9:[0.7966, 0.7968, 0.7954, 0.7865, 0.1]
10:[0.713, 0.7128, 0.7126, 0.6326, 0.1]
11:[0.7929, 0.7928, 0.7916, 0.7631, 0.1]
12:[0.8022, 0.8024, 0.8017, 0.7884, 0.1]
13:[0.797, 0.7969, 0.7956, 0.7755, 0.1]
14:[0.7964, 0.7965, 0.7958, 0.7804, 0.1]
15:[0.6255, 0.6252, 0.6233, 0.53, 0.1]
16:[0.7578, 0.7578, 0.7549, 0.7056, 0.1]
17:[0.7936, 0.7939, 0.7915, 0.7725, 0.1]
18:[0.7579, 0.7574, 0.7541, 0.6936, 0.1]
19:[0.7963, 0.7966, 0.7969, 0.7702, 0.1]
20:[0.8143, 0.8143, 0.8142, 0.7927, 0.1]
21:[0.8135, 0.8136, 0.8131, 0.7964, 0.1]
22:[0.8179, 0.8175, 0.8168, 0.8069, 0.1]
23:[0.7631, 0.7633, 0.7621, 0.7178, 0.1]
24:[0.8057, 0.8052, 0.8047, 0.7934, 0.1]
25:[0.8107, 0.8107, 0.8101, 0.7929, 0.1]
26:[0.8143, 0.8144, 0.813, 0.7985, 0.1]
27:[0.7645, 0.7645, 0.7626, 0.7144, 0.1]
28:[0.7057, 0.7059, 0.7051, 0.6656, 0.1]
29:[0.6756, 0.6749, 0.6701, 0.5282, 0.1]
30:[0.7747, 0.7749, 0.7743, 0.739, 0.1]
31:[0.7888, 0.7888, 0.7887, 0.7598, 0.1]
32:[0.7959, 0.796, 0.7966, 0.7748, 0.1]
33:[0.7978, 0.7977, 0.7964, 0.7664, 0.1]
34:[0.805, 0.8052, 0.8048, 0.7854, 0.1]
35:[0.7984, 0.7985, 0.7973, 0.7709, 0.1]
36:[0.7969, 0.7966, 0.7947, 0.7595, 0.1]
37:[0.7254, 0.7249, 0.7201, 0.6515, 0.1]
38:[0.649, 0.6476, 0.6393, 0.4227, 0.1]
39:[0.7795, 0.7792, 0.7777, 0.7423, 0.1]
40:[0.7954, 0.7955, 0.7947, 0.7721, 0.1]
41:[0.7731, 0.7727, 0.7703, 0.723, 0.1]
42:[0.8014, 0.8012, 0.7986, 0.7685, 0.1]
43:[0.8039, 0.8038, 0.8027, 0.7779, 0.1]
44:[0.8106, 0.8102, 0.8091, 0.7878, 0.1]
45:[0.8132, 0.8134, 0.8129, 0.796, 0.1]
46:[0.8153, 0.8153, 0.8146, 0.7961, 0.1]
47:[0.797, 0.7966, 0.7947, 0.7737, 0.1]
48:[0.8198, 0.82, 0.8192, 0.8045, 0.1]
49:[0.8028, 0.8031, 0.8014, 0.7718, 0.1]
50:[0.8192, 0.8195, 0.8192, 0.8008, 0.1]
51:[0.7656, 0.7654, 0.7646, 0.725, 0.1]
52:[0.764, 0.7638, 0.7583, 0.6819, 0.1]
53:[0.8068, 0.8067, 0.8049, 0.7741, 0.1]
54:[0.822, 0.8215, 0.8212, 0.8025, 0.1]
55:[0.8195, 0.8198, 0.8191, 0.8048, 0.1]
56:[0.8224, 0.8224, 0.8217, 0.8057, 0.1]
57:[0.8204, 0.8204, 0.8192, 0.8019, 0.1]
58:[0.8186, 0.8187, 0.8186, 0.8005, 0.1]
59:[0.8275, 0.8274, 0.8276, 0.8149, 0.1]
60:[0.8007, 0.8004, 0.8004, 0.7694, 0.1]
61:[0.8082, 0.808, 0.807, 0.7855, 0.1]
62:[0.8097, 0.8101, 0.8089, 0.7873, 0.1]
63:[0.8099, 0.8103, 0.8092, 0.7868, 0.1]
64:[0.8129, 0.8131, 0.8135, 0.7946, 0.1]
65:[0.8273, 0.8269, 0.8268, 0.8136, 0.1]
66:[0.8247, 0.8241, 0.8239, 0.8038, 0.1]
67:[0.7915, 0.7916, 0.7899, 0.7586, 0.1]
68:[0.8196, 0.8196, 0.8196, 0.8003, 0.1]
69:[0.8101, 0.8099, 0.8093, 0.7922, 0.1]
